@ChanServ
[mrt]
[Pi]
^esc
_99percent_
|Roidz|
aayars
Acegikmo
acron^_gone
admsyn
agnosticnixie
akenO_Office
AllenWalker
allinlabs
alrt
Antiga
Arcanor
ArcanumRocked
Arkhaix
arski
arzi
ashenvale99
asterick
AuntJemima
AustinYQM
azm
bamboo
bderooms
Bennuk
blueyed
boggers
BoomBox
Bradamante
brdma_
BTaylor
CarpNet
Cdogg1
chai
Cherrum
Chris_E
Coburn|Away
Codexus
corneliu
Corscaria___
cris
Crucials
CustomPhase
d3vlin
D8ms
dahlia
danielbrauer
Dark_Ghost
DarkFoxDK
David_Bradbury
daviddeacon
davidnunez
dazoe
DEADB33F
Deozaan
deryck
Diablodoct0r
djdolber
djinni
doppio|work
Dragonene
Drakonite
DrAwesomeClaws
Dun1031
dvoid
EchoLogin
eightbitpimp
eKyNoX
Element9
eLenoAr
EliteMossy
Equil
erique
faksu
fastputty
fatguylaughing
felor
fholm
fjet
fracek
Frank84
Frooxius
fuleo
GalenEvil
gdeglin
General1337
generalhan
GouldFish
guesswhat
guyal
HaltingState
hatch
height8_
henry_v
horsman
hyarion
igetgames_
igorglotov
iiroL
Ikik
ikrima
iluvunity
iMac_Mikey
imageall
jdolan
jesta
jimjastajay
jmpp__
johnline
Jojomonda
jorgenpt
jose__freitas
joshua_george
JoshuaA
JoshuaA__
JoshuaC_
jruntime
JTown_
jyxent
kakos
kamui
kappische_
karmel4
Keen|
Kepab
kexmex
kliph
kreischweide
Kryigerofe
kumavis
kuranai
KyleDouglasOlsen
Lasse-
lct
Leepo
lihis-
LittleAngel
LuckyBurger
Lunarius
mantis
MattMaker
meNace_
mhutch
Moc
monkeyis2
MonkeyJamboree
moongtaeng
mov
mrkotfw
msleeper
mtoivo
naruse
NCarter
Negs
niwamaxou
nug700
NuneShelping
oblivian
odie-dead
onla
oPless
Orphis
ougla
ouglanada
ParsEmAll
Paulo
pekuja
petokeksi
phosphers
popey
purei
r2d3
RandomCouch
ratking
Ravine
RaYmAn
razec
rectalogic
repez
rlomax
roaet
RobStorm
RodGreen
RoyAwesome
rush321
samloeschen
sandelz
schonstal
schuranator
ScottD
S-ed
seich
shana
Siber
Sickness\
Simie
simius
Simurr
siponen
SirEel
slk
smilertoo
SpookyCat__
ssebelius
sst66
st4ll1
Stactic
Stoli
Superpig_
sware
TallTim
tanath
tansaku_ic__
Tapani
taragon
tchen
techlife
Tenebrous
tetsus
tgall
tgall_foo
The-Force
Thinksquirrel
ThomasLund
ThriKreen
tingham
tom__m
tonic
toynbee
Turgoz
tylo_
tZork
uatec
Ukto
UnicornForest
uTiNi
vertigooo
Wahooney
wh0dat
wilornelas
Woflborg
WogerWabbit
XDS2010_
yalka
Ycros
zakhary
Zebranky
zenasprime
zenasprime_mba
zenasprime_mbp
Zerot
Zethrok
zettam
Zhal
zoktar
